  SmartHouse.cpp
C:\Users\Kek\source\repos\SmartHouse\Smart_house_Manager.h(242,18): warning C4018: '<': signed/unsigned mismatch
C:\Users\Kek\source\repos\SmartHouse\SmartHouse.cpp(10,12): warning C4244: 'argument': conversion from 'time_t' to 'unsigned int', possible loss of data
C:\Program Files (x86)\Microsoft Visual Studio\2019\Community\VC\Tools\MSVC\14.28.29333\include\utility(246,1): warning C4244: 'initializing': conversion from '_Ty' to '_Ty2', possible loss of data
          with
          [
              _Ty=int
          ]
          and
          [
              _Ty2=float
          ]
C:\Program Files (x86)\Microsoft Visual Studio\2019\Community\VC\Tools\MSVC\14.28.29333\include\xmemory(700): message : see reference to function template instantiation 'std::pair<const std::string,float>::pair<const char*,int,0>(std::pair<const char *,int> &&) noexcept(false)' being compiled
C:\Program Files (x86)\Microsoft Visual Studio\2019\Community\VC\Tools\MSVC\14.28.29333\include\xmemory(701): message : see reference to function template instantiation 'std::pair<const std::string,float>::pair<const char*,int,0>(std::pair<const char *,int> &&) noexcept(false)' being compiled
C:\Program Files (x86)\Microsoft Visual Studio\2019\Community\VC\Tools\MSVC\14.28.29333\include\xtree(805): message : see reference to function template instantiation 'void std::_Default_allocator_traits<_Alloc>::construct<_Ty,std::pair<const char *,int>>(_Alloc &,_Objty *const ,std::pair<const char *,int> &&)' being compiled
          with
          [
              _Alloc=std::allocator<std::_Tree_node<std::pair<const std::string,float>,std::_Default_allocator_traits<std::allocator<std::pair<const std::string,float>>>::void_pointer>>,
              _Ty=std::pair<const std::string,float>,
              _Objty=std::pair<const std::string,float>
          ]
C:\Program Files (x86)\Microsoft Visual Studio\2019\Community\VC\Tools\MSVC\14.28.29333\include\xtree(806): message : see reference to function template instantiation 'void std::_Default_allocator_traits<_Alloc>::construct<_Ty,std::pair<const char *,int>>(_Alloc &,_Objty *const ,std::pair<const char *,int> &&)' being compiled
          with
          [
              _Alloc=std::allocator<std::_Tree_node<std::pair<const std::string,float>,std::_Default_allocator_traits<std::allocator<std::pair<const std::string,float>>>::void_pointer>>,
              _Ty=std::pair<const std::string,float>,
              _Objty=std::pair<const std::string,float>
          ]
C:\Program Files (x86)\Microsoft Visual Studio\2019\Community\VC\Tools\MSVC\14.28.29333\include\xtree(1002): message : see reference to function template instantiation 'std::_Tree_temp_node<std::allocator<std::_Tree_node<std::pair<const std::string,float>,std::_Default_allocator_traits<_Alloc>::void_pointer>>>::_Tree_temp_node<_Ty>(_Alnode &,std::_Tree_node<std::pair<const std::string,float>,std::_Default_allocator_traits<_Alloc>::void_pointer> *,_Ty &&)' being compiled
          with
          [
              _Alloc=std::allocator<std::pair<const std::string,float>>,
              _Ty=std::pair<const char *,int>,
              _Alnode=std::allocator<std::_Tree_node<std::pair<const std::string,float>,std::_Default_allocator_traits<std::allocator<std::pair<const std::string,float>>>::void_pointer>>
          ]
C:\Program Files (x86)\Microsoft Visual Studio\2019\Community\VC\Tools\MSVC\14.28.29333\include\xtree(1018): message : see reference to function template instantiation 'std::_Tree_temp_node<std::allocator<std::_Tree_node<std::pair<const std::string,float>,std::_Default_allocator_traits<_Alloc>::void_pointer>>>::_Tree_temp_node<_Ty>(_Alnode &,std::_Tree_node<std::pair<const std::string,float>,std::_Default_allocator_traits<_Alloc>::void_pointer> *,_Ty &&)' being compiled
          with
          [
              _Alloc=std::allocator<std::pair<const std::string,float>>,
              _Ty=std::pair<const char *,int>,
              _Alnode=std::allocator<std::_Tree_node<std::pair<const std::string,float>,std::_Default_allocator_traits<std::allocator<std::pair<const std::string,float>>>::void_pointer>>
          ]
C:\Program Files (x86)\Microsoft Visual Studio\2019\Community\VC\Tools\MSVC\14.28.29333\include\xtree(1094): message : see reference to function template instantiation 'std::pair<std::_Tree_node<std::pair<const std::string,float>,std::_Default_allocator_traits<_Alloc>::void_pointer> *,bool> std::_Tree<std::_Tmap_traits<_Kty,_Ty,_Pr,_Alloc,false>>::_Emplace<std::pair<const char *,int>>(std::pair<const char *,int> &&)' being compiled
          with
          [
              _Alloc=std::allocator<std::pair<const std::string,float>>,
              _Kty=std::string,
              _Ty=float,
              _Pr=std::less<std::string>
          ]
C:\Program Files (x86)\Microsoft Visual Studio\2019\Community\VC\Tools\MSVC\14.28.29333\include\xtree(1095): message : see reference to function template instantiation 'std::pair<std::_Tree_node<std::pair<const std::string,float>,std::_Default_allocator_traits<_Alloc>::void_pointer> *,bool> std::_Tree<std::_Tmap_traits<_Kty,_Ty,_Pr,_Alloc,false>>::_Emplace<std::pair<const char *,int>>(std::pair<const char *,int> &&)' being compiled
          with
          [
              _Alloc=std::allocator<std::pair<const std::string,float>>,
              _Kty=std::string,
              _Ty=float,
              _Pr=std::less<std::string>
          ]
C:\Program Files (x86)\Microsoft Visual Studio\2019\Community\VC\Tools\MSVC\14.28.29333\include\map(165): message : see reference to function template instantiation 'std::pair<std::_Tree_iterator<std::_Tree_val<std::_Tree_simple_types<std::pair<const std::string,float>>>>,bool> std::_Tree<std::_Tmap_traits<_Kty,_Ty,_Pr,_Alloc,false>>::emplace<std::pair<const char *,int>>(std::pair<const char *,int> &&)' being compiled
          with
          [
              _Kty=std::string,
              _Ty=float,
              _Pr=std::less<std::string>,
              _Alloc=std::allocator<std::pair<const std::string,float>>
          ]
C:\Program Files (x86)\Microsoft Visual Studio\2019\Community\VC\Tools\MSVC\14.28.29333\include\map(165): message : see reference to function template instantiation 'std::pair<std::_Tree_iterator<std::_Tree_val<std::_Tree_simple_types<std::pair<const std::string,float>>>>,bool> std::_Tree<std::_Tmap_traits<_Kty,_Ty,_Pr,_Alloc,false>>::emplace<std::pair<const char *,int>>(std::pair<const char *,int> &&)' being compiled
          with
          [
              _Kty=std::string,
              _Ty=float,
              _Pr=std::less<std::string>,
              _Alloc=std::allocator<std::pair<const std::string,float>>
          ]
C:\Users\Kek\source\repos\SmartHouse\Smart_house_Manager.h(41): message : see reference to function template instantiation 'std::pair<std::_Tree_iterator<std::_Tree_val<std::_Tree_simple_types<std::pair<const std::string,float>>>>,bool> std::map<std::string,float,std::less<std::string>,std::allocator<std::pair<const std::string,float>>>::insert<std::pair<const char *,int>,0>(_Valty &&)' being compiled
          with
          [
              _Valty=std::pair<const char *,int>
          ]
C:\Users\Kek\source\repos\SmartHouse\Smart_house_Manager.h(41): message : see reference to function template instantiation 'std::pair<std::_Tree_iterator<std::_Tree_val<std::_Tree_simple_types<std::pair<const std::string,float>>>>,bool> std::map<std::string,float,std::less<std::string>,std::allocator<std::pair<const std::string,float>>>::insert<std::pair<const char *,int>,0>(_Valty &&)' being compiled
          with
          [
              _Valty=std::pair<const char *,int>
          ]
  SmartHouse.vcxproj -> C:\Users\Kek\source\repos\SmartHouse\Debug\SmartHouse.exe
